#
# A fatal error has been detected by the Java Runtime Environment:
#
#  SIGSEGV (0xb) at pc=0x00007fffd4dc0c22, pid=1573, tid=775
#
# JRE version: Java(TM) SE Runtime Environment (8.0_65-b17) (build 1.8.0_65-b17)
# Java VM: Java HotSpot(TM) 64-Bit Server VM (25.65-b01 mixed mode bsd-amd64 compressed oops)
# Problematic frame:
# C  [libGPUSupportMercury.dylib+0xac22]  gldAttachDrawable+0x12f
#
# Failed to write core dump. Core dumps have been disabled. To enable core dumping, try "ulimit -c unlimited" before starting Java again
#
# If you would like to submit a bug report, please visit:
#   http://bugreport.java.com/bugreport/crash.jsp
# The crash happened outside the Java Virtual Machine in native code.
# See problematic frame for where to report the bug.
#

---------------  T H R E A D  ---------------

Current thread (0x00007f9972921800):  JavaThread "AppKit Thread" daemon [_thread_in_native, id=775, stack(0x00007fff505da000,0x00007fff50dda000)]

siginfo: si_signo: 11 (SIGSEGV), si_code: 1 (SEGV_MAPERR), si_addr: 0x000000000000726d

Registers:
RAX=0x0000000000007265, RBX=0x0000000000002715, RCX=0x0000000000000c24, RDX=0x00007f9971efbb40
RSP=0x00007fff50dd44e0, RBP=0x00007fff50dd45e0, RSI=0x00000000000048fd, RDI=0x0000000000010353
R8 =0x000000003edcdc00, R9 =0x00007f9974800000, R10=0x000000000000003c, R11=0x0000000000000206
R12=0x00007f9971efbb38, R13=0x00007f9972b69e00, R14=0x00007f9971efbb40, R15=0x0000000000000000
RIP=0x00007fffd4dc0c22, EFLAGS=0x0000000000010206, ERR=0x0000000000000004
  TRAPNO=0x000000000000000e

Top of Stack: (sp=0x00007fff50dd44e0)
0x00007fff50dd44e0:   0000000000010353 00007fff50dd4668
0x00007fff50dd44f0:   00007fff50dd4530 00007fffd8aad62c
0x00007fff50dd4500:   0000000000000000 00007f997580a4e0
0x00007fff50dd4510:   0000000000007265 00007f9971f3540f
0x00007fff50dd4520:   1261cdbf00010301 000000501261cdbf
0x00007fff50dd4530:   0000000000000000 00007fffd8b793cf
0x00007fff50dd4540:   0000000000000000 4036000000000000
0x00007fff50dd4550:   4094000000000000 4089000000000000
0x00007fff50dd4560:   7ff0000000000000 7ff0000000000000
0x00007fff50dd4570:   0000000000000000 0000000000000000
0x00007fff50dd4580:   00007f9971ca42f0 7ff0000000000000
0x00007fff50dd4590:   7ff0000000000000 0000000000000000
0x00007fff50dd45a0:   0000000000000000 00007fffd8c07565
0x00007fff50dd45b0:   9aa8c7f7f9200036 00007f9975800600
0x00007fff50dd45c0:   0000000000002718 0000000000000000
0x00007fff50dd45d0:   0000000000000050 0000000000000000
0x00007fff50dd45e0:   00007fff50dd4640 00007fffcc1c501b
0x00007fff50dd45f0:   4094000000000000 0000000000000000
0x00007fff50dd4600:   00007f997580a4e0 0000000000000000
0x00007fff50dd4610:   00007f9971efbb38 00007f9972308288
0x00007fff50dd4620:   00007f9972308350 00007f9972308380
0x00007fff50dd4630:   00007f9972306400 9aa8c7f7f9200036
0x00007fff50dd4640:   00007fff50dd4720 00007fffcc1a3bb4
0x00007fff50dd4650:   4037000000000000 4094000000000000
0x00007fff50dd4660:   4089b00000000000 0000000000000000
0x00007fff50dd4670:   4036000000000000 4094000000000000
0x00007fff50dd4680:   4089000000000000 0000000000000000
0x00007fff50dd4690:   0000000000000000 0000000000000001
0x00007fff50dd46a0:   00007f9971efbb38 0000000000000001
0x00007fff50dd46b0:   00007fff50dd4720 00007fffcc1a898e
0x00007fff50dd46c0:   0000000150dd46e0 00007f9972308350
0x00007fff50dd46d0:   00007f9972308288 0000000200001002 

Instructions: (pc=0x00007fffd4dc0c22)
0x00007fffd4dc0c02:   24 04 81 e1 3f 8c 00 00 48 8b 85 38 ff ff ff 44
0x00007fffd4dc0c12:   8b 80 38 02 00 00 4c 89 f2 48 8b 85 30 ff ff ff
0x00007fffd4dc0c22:   ff 50 08 bb 15 27 00 00 85 c0 0f 85 31 02 00 00
0x00007fffd4dc0c32:   49 8b 4d 60 41 8b 06 eb 10 41 8b 06 bb 15 27 00 

Register to memory mapping:

RAX=0x0000000000007265 is an unknown value
RBX=0x0000000000002715 is an unknown value
RCX=0x0000000000000c24 is an unknown value
RDX=0x00007f9971efbb40 is an unknown value
RSP=0x00007fff50dd44e0 is pointing into the stack for thread: 0x00007f9972921800
RBP=0x00007fff50dd45e0 is pointing into the stack for thread: 0x00007f9972921800
RSI=0x00000000000048fd is an unknown value
RDI=0x0000000000010353 is an unknown value
R8 =0x000000003edcdc00 is an unknown value
R9 =0x00007f9974800000 is an unknown value
R10=0x000000000000003c is an unknown value
R11=0x0000000000000206 is an unknown value
R12=0x00007f9971efbb38 is an unknown value
R13=0x00007f9972b69e00 is an unknown value
R14=0x00007f9971efbb40 is an unknown value
R15=0x0000000000000000 is an unknown value


Stack: [0x00007fff505da000,0x00007fff50dda000],  sp=0x00007fff50dd44e0,  free space=8169k
Native frames: (J=compiled Java code, j=interpreted, Vv=VM code, C=native code)
C  [libGPUSupportMercury.dylib+0xac22]  gldAttachDrawable+0x12f
C  [GLEngine+0x1601b]  gliAttachDrawableWithOptions+0x106
C  [OpenGL+0x3bb4]  glcGetIOAccelService+0xe8c
C  [OpenGL+0x7740]  CGLSetPBuffer+0xb45
C  [OpenGL+0x7a5e]  CGLSetSurface+0x125
C  [AppKit+0x335940]  NSOpenGLContextAttachOnScreenViewSurface+0x187
C  [AppKit+0x6ef783]  __27-[NSOpenGLContext setView:]_block_invoke+0xd3
C  [AppKit+0x179ddc]  NSPerformVisuallyAtomicChange+0x93
C  [AppKit+0x3221fc]  -[NSOpenGLContext setView:]+0x69
C  [liblwjgl.dylib+0xa586]  -[MacOSXOpenGLView lockFocus]+0x76
C  [AppKit+0x19cf0b]  -[NSView _recursiveDisplayRectIfNeededIgnoringOpacity:isVisibleRect:rectIsVisibleRectForView:topView:]+0x6ee
C  [AppKit+0x19d761]  -[NSView _recursiveDisplayRectIfNeededIgnoringOpacity:isVisibleRect:rectIsVisibleRectForView:topView:]+0xf44
C  [AppKit+0x19c33f]  -[NSThemeFrame _recursiveDisplayRectIfNeededIgnoringOpacity:isVisibleRect:rectIsVisibleRectForView:topView:]+0x14e
C  [AppKit+0x19a768]  -[NSView _displayRectIgnoringOpacity:isVisibleRect:rectIsVisibleRectForView:]+0x994
C  [AppKit+0x196055]  -[NSView displayIfNeeded]+0x6d4
C  [AppKit+0x195967]  -[NSWindow displayIfNeeded]+0xe6
C  [AppKit+0x8f43f3]  ___NSWindowGetDisplayCycleObserver_block_invoke.6228+0x115
C  [AppKit+0x195445]  __37+[NSDisplayCycle currentDisplayCycle]_block_invoke+0x1c6
C  [QuartzCore+0x11a96]  CA::Transaction::run_commit_handlers(CATransactionPhase)+0x2e
C  [QuartzCore+0x119800]  CA::Context::commit_transaction(CA::Transaction*)+0xa0
C  [QuartzCore+0x10631]  CA::Transaction::commit()+0x1db
C  [AppKit+0x478445]  __37+[NSDisplayCycle currentDisplayCycle]_block_invoke.31+0x143
C  [CoreFoundation+0xa42d7]  __CFRUNLOOP_IS_CALLING_OUT_TO_AN_OBSERVER_CALLBACK_FUNCTION__+0x17
C  [CoreFoundation+0xa4247]  __CFRunLoopDoObservers+0x187
C  [CoreFoundation+0x85119]  __CFRunLoopRun+0x369
C  [CoreFoundation+0x84b54]  CFRunLoopRunSpecific+0x1a4
C  [HIToolbox+0x30acc]  RunCurrentEventLoopInMode+0xf0
C  [HIToolbox+0x30809]  ReceiveNextEventCommon+0xb8
C  [HIToolbox+0x30736]  _BlockUntilNextEventMatchingListInModeWithFilter+0x47
C  [AppKit+0x46ae4]  _DPSNextEvent+0x460
C  [AppKit+0x7c121f]  -[NSApplication(NSEvent) _nextEventMatchingEventMask:untilDate:inMode:dequeue:]+0xae5
C  [libosxapp.dylib+0x23aa]  -[NSApplicationAWT nextEventMatchingMask:untilDate:inMode:dequeue:]+0x7c
C  [AppKit+0x3b465]  -[NSApplication run]+0x39e
C  [libosxapp.dylib+0x214d]  +[NSApplicationAWT runAWTLoopWithApp:]+0x9c
C  [libawt_lwawt.dylib+0x44517]  -[AWTStarter starter:]+0x389
C  [Foundation+0x7188a]  __NSThreadPerformPerform+0x146
C  [CoreFoundation+0xa48d1]  __CFRUNLOOP_IS_CALLING_OUT_TO_A_SOURCE0_PERFORM_FUNCTION__+0x11
C  [CoreFoundation+0x85c6c]  __CFRunLoopDoSources0+0x22c
C  [CoreFoundation+0x85156]  __CFRunLoopRun+0x3a6
C  [CoreFoundation+0x84b54]  CFRunLoopRunSpecific+0x1a4
C  [java+0x6463]  CreateExecutionEnvironment+0x367
C  [java+0x21ac]  JLI_Launch+0x7a0
C  [java+0x84c0]  main+0x65
C  [java+0x1a04]  start+0x34
C  0x0000000000000005


---------------  P R O C E S S  ---------------

Java Threads: ( => current thread )
  0x00007f9973846800 JavaThread "AWT-Shutdown" [_thread_blocked, id=25875, stack(0x0000700001c58000,0x0000700001d58000)]
  0x00007f997297b000 JavaThread "Java2D Disposer" daemon [_thread_blocked, id=56847, stack(0x0000700002f17000,0x0000700003017000)]
  0x00007f997297c800 JavaThread "Java2D Queue Flusher" daemon [_thread_blocked, id=47663, stack(0x0000700002e14000,0x0000700002f14000)]
=>0x00007f9972921800 JavaThread "AppKit Thread" daemon [_thread_in_native, id=775, stack(0x00007fff505da000,0x00007fff50dda000)]
  0x00007f9973815000 JavaThread "Service Thread" daemon [_thread_blocked, id=18691, stack(0x0000700002982000,0x0000700002a82000)]
  0x00007f997382b800 JavaThread "C1 CompilerThread2" daemon [_thread_blocked, id=18179, stack(0x000070000287f000,0x000070000297f000)]
  0x00007f997382b000 JavaThread "C2 CompilerThread1" daemon [_thread_blocked, id=17667, stack(0x000070000277c000,0x000070000287c000)]
  0x00007f9973805000 JavaThread "C2 CompilerThread0" daemon [_thread_blocked, id=17155, stack(0x0000700002679000,0x0000700002779000)]
  0x00007f997300f800 JavaThread "Signal Dispatcher" daemon [_thread_blocked, id=16643, stack(0x0000700002576000,0x0000700002676000)]
  0x00007f997284f000 JavaThread "Finalizer" daemon [_thread_blocked, id=12547, stack(0x0000700002473000,0x0000700002573000)]
  0x00007f9972014000 JavaThread "Reference Handler" daemon [_thread_blocked, id=12035, stack(0x0000700002370000,0x0000700002470000)]
  0x00007f9972008800 JavaThread "main" [_thread_in_native, id=7171, stack(0x0000700001d5e000,0x0000700001e5e000)]

Other Threads:
  0x00007f997284e800 VMThread [stack: 0x000070000226d000,0x000070000236d000] [id=11523]
  0x00007f9973816000 WatcherThread [stack: 0x0000700002a85000,0x0000700002b85000] [id=19203]

VM state:not at safepoint (normal execution)

VM Mutex/Monitor currently owned by a thread: None

Heap:
 PSYoungGen      total 18944K, used 7709K [0x00000007aab00000, 0x00000007ac000000, 0x00000007c0000000)
  eden space 16384K, 31% used [0x00000007aab00000,0x00000007ab00b488,0x00000007abb00000)
  from space 2560K, 99% used [0x00000007abb00000,0x00000007abd7c020,0x00000007abd80000)
  to   space 2560K, 0% used [0x00000007abd80000,0x00000007abd80000,0x00000007ac000000)
 ParOldGen       total 44032K, used 974K [0x0000000780000000, 0x0000000782b00000, 0x00000007aab00000)
  object space 44032K, 2% used [0x0000000780000000,0x00000007800f3b30,0x0000000782b00000)
 Metaspace       used 9556K, capacity 9793K, committed 10112K, reserved 1058816K
  class space    used 992K, capacity 1079K, committed 1152K, reserved 1048576K

Card table byte_map: [0x0000000110b49000,0x0000000110d4a000] byte_map_base: 0x000000010cf49000

Marking Bits: (ParMarkBitMap*) 0x00000001100dee20
 Begin Bits: [0x0000000110ea0000, 0x0000000111ea0000)
 End Bits:   [0x0000000111ea0000, 0x0000000112ea0000)

Polling page: 0x000000010eee6000

CodeCache: size=245760Kb used=4520Kb max_used=4520Kb free=241239Kb
 bounds [0x00000001167ca000, 0x0000000116c3a000, 0x00000001257ca000]
 total_blobs=1781 nmethods=1260 adapters=435
 compilation: enabled

Compilation events (10 events):
Event: 68.076 Thread 0x00007f997382b800 1254       3       org.newdawn.slick.Image::bind (10 bytes)
Event: 68.076 Thread 0x00007f997382b800 nmethod 1254 0x0000000116c2e450 code [0x0000000116c2e5c0, 0x0000000116c2e7e8]
Event: 68.116 Thread 0x00007f997382b800 1257       3       org.newdawn.slick.opengl.renderer.Renderer::getLineStripRenderer (4 bytes)
Event: 68.116 Thread 0x00007f997382b800 nmethod 1257 0x0000000116c2ef50 code [0x0000000116c2f0a0, 0x0000000116c2f1f0]
Event: 68.120 Thread 0x00007f997382b800 1258       3       org.newdawn.slick.Graphics::resetLineWidth (36 bytes)
Event: 68.122 Thread 0x00007f997382b800 nmethod 1258 0x0000000116c2f250 code [0x0000000116c2f600, 0x0000000116c30d38]
Event: 68.122 Thread 0x00007f997382b800 1259       3       org.newdawn.slick.opengl.renderer.DefaultLineStripRenderer::setWidth (11 bytes)
Event: 68.124 Thread 0x00007f997382b800 nmethod 1259 0x0000000116c32010 code [0x0000000116c32220, 0x0000000116c32a78]
Event: 68.124 Thread 0x00007f997382b800 1260       3       org.newdawn.slick.Graphics::setAntiAlias (52 bytes)
Event: 68.127 Thread 0x00007f997382b800 nmethod 1260 0x0000000116c33090 code [0x0000000116c33480, 0x0000000116c35058]

GC Heap History (2 events):
Event: 10.538 GC heap before
{Heap before GC invocations=1 (full 0):
 PSYoungGen      total 18944K, used 16384K [0x00000007aab00000, 0x00000007ac000000, 0x00000007c0000000)
  eden space 16384K, 100% used [0x00000007aab00000,0x00000007abb00000,0x00000007abb00000)
  from space 2560K, 0% used [0x00000007abd80000,0x00000007abd80000,0x00000007ac000000)
  to   space 2560K, 0% used [0x00000007abb00000,0x00000007abb00000,0x00000007abd80000)
 ParOldGen       total 44032K, used 0K [0x0000000780000000, 0x0000000782b00000, 0x00000007aab00000)
  object space 44032K, 0% used [0x0000000780000000,0x0000000780000000,0x0000000782b00000)
 Metaspace       used 9494K, capacity 9729K, committed 9856K, reserved 1058816K
  class space    used 991K, capacity 1079K, committed 1152K, reserved 1048576K
Event: 10.553 GC heap after
Heap after GC invocations=1 (full 0):
 PSYoungGen      total 18944K, used 2544K [0x00000007aab00000, 0x00000007ac000000, 0x00000007c0000000)
  eden space 16384K, 0% used [0x00000007aab00000,0x00000007aab00000,0x00000007abb00000)
  from space 2560K, 99% used [0x00000007abb00000,0x00000007abd7c020,0x00000007abd80000)
  to   space 2560K, 0% used [0x00000007abd80000,0x00000007abd80000,0x00000007ac000000)
 ParOldGen       total 44032K, used 974K [0x0000000780000000, 0x0000000782b00000, 0x00000007aab00000)
  object space 44032K, 2% used [0x0000000780000000,0x00000007800f3b30,0x0000000782b00000)
 Metaspace       used 9494K, capacity 9729K, committed 9856K, reserved 1058816K
  class space    used 991K, capacity 1079K, committed 1152K, reserved 1048576K
}

Deoptimization events (10 events):
Event: 4.961 Thread 0x00007f9972008800 Uncommon trap: reason=unstable_if action=reinterpret pc=0x00000001169a8e1c method=java.lang.String.replace(CC)Ljava/lang/String; @ 26
Event: 65.052 Thread 0x00007f9972008800 Uncommon trap: reason=unstable_if action=reinterpret pc=0x0000000116bbc20c method=org.lwjgl.opengl.MacOSXDisplay.update()V @ 86
Event: 66.304 Thread 0x00007f9972008800 Uncommon trap: reason=unstable_if action=reinterpret pc=0x0000000116b961bc method=org.newdawn.slick.Input.poll(II)V @ 41
Event: 66.304 Thread 0x00007f9972008800 Uncommon trap: reason=unstable_if action=reinterpret pc=0x0000000116bc2f38 method=org.newdawn.slick.GameContainer.updateAndRender(I)V @ 236
Event: 66.306 Thread 0x00007f9972008800 Uncommon trap: reason=unstable_if action=reinterpret pc=0x0000000116ab4664 method=java.lang.ref.SoftReference.get()Ljava/lang/Object; @ 17
Event: 66.503 Thread 0x00007f9972008800 Uncommon trap: reason=unstable_if action=reinterpret pc=0x0000000116bb1334 method=org.newdawn.slick.geom.Rectangle.contains(FF)Z @ 17
Event: 66.525 Thread 0x00007f9972008800 Uncommon trap: reason=unstable_if action=reinterpret pc=0x0000000116bb6894 method=sun.misc.FloatingDecimal$BinaryToASCIIBuffer.developLongDigits(IJI)V @ 104
Event: 66.525 Thread 0x00007f9972008800 Uncommon trap: reason=unstable_if action=reinterpret pc=0x0000000116bb3134 method=sun.misc.FloatingDecimal$BinaryToASCIIBuffer.getChars([C)I @ 94
Event: 67.320 Thread 0x00007f9972008800 Uncommon trap: reason=unstable_if action=reinterpret pc=0x0000000116c1c9f4 method=java.lang.Long.numberOfTrailingZeros(J)I @ 44
Event: 68.410 Thread 0x00007f9972008800 Uncommon trap: reason=unstable_if action=reinterpret pc=0x0000000116bb1e20 method=org.newdawn.slick.AppGameContainer.gameLoop()V @ 60

Internal exceptions (10 events):
Event: 0.055 Thread 0x00007f9972008800 Exception <a 'java/lang/NoSuchMethodError': Method sun.misc.Unsafe.prefetchRead(Ljava/lang/Object;J)V name or signature does not match> (0x00000007aab131f8) thrown at [/Users/java_re/workspace/8-2-build-macosx-x86_64/jdk8u65/4987/hotspot/src/share/vm/prim
Event: 0.186 Thread 0x00007f9972008800 Exception <a 'java/lang/NoSuchFieldError': method resolution failed> (0x00000007aaceedd8) thrown at [/Users/java_re/workspace/8-2-build-macosx-x86_64/jdk8u65/4987/hotspot/src/share/vm/prims/methodHandles.cpp, line 1146]
Event: 0.189 Thread 0x00007f9972008800 Exception <a 'java/lang/NoSuchFieldError': method resolution failed> (0x00000007aacfc1d8) thrown at [/Users/java_re/workspace/8-2-build-macosx-x86_64/jdk8u65/4987/hotspot/src/share/vm/prims/methodHandles.cpp, line 1146]
Event: 0.263 Thread 0x00007f9972008800 Exception <a 'java/security/PrivilegedActionException'> (0x00000007aae37688) thrown at [/Users/java_re/workspace/8-2-build-macosx-x86_64/jdk8u65/4987/hotspot/src/share/vm/prims/jvm.cpp, line 1386]
Event: 0.263 Thread 0x00007f9972008800 Exception <a 'java/security/PrivilegedActionException'> (0x00000007aae37898) thrown at [/Users/java_re/workspace/8-2-build-macosx-x86_64/jdk8u65/4987/hotspot/src/share/vm/prims/jvm.cpp, line 1386]
Event: 0.263 Thread 0x00007f9972008800 Exception <a 'java/security/PrivilegedActionException'> (0x00000007aae3ab38) thrown at [/Users/java_re/workspace/8-2-build-macosx-x86_64/jdk8u65/4987/hotspot/src/share/vm/prims/jvm.cpp, line 1386]
Event: 0.263 Thread 0x00007f9972008800 Exception <a 'java/security/PrivilegedActionException'> (0x00000007aae3ad48) thrown at [/Users/java_re/workspace/8-2-build-macosx-x86_64/jdk8u65/4987/hotspot/src/share/vm/prims/jvm.cpp, line 1386]
Event: 0.482 Thread 0x00007f9972008800 Exception <a 'java/io/FileNotFoundException'> (0x00000007aae45de8) thrown at [/Users/java_re/workspace/8-2-build-macosx-x86_64/jdk8u65/4987/hotspot/src/share/vm/prims/jni.cpp, line 709]
Event: 0.482 Thread 0x00007f9972008800 Exception <a 'java/io/FileNotFoundException'> (0x00000007aae46918) thrown at [/Users/java_re/workspace/8-2-build-macosx-x86_64/jdk8u65/4987/hotspot/src/share/vm/prims/jni.cpp, line 709]
Event: 5.416 Thread 0x00007f9972008800 Exception <a 'java/lang/NoClassDefFoundError': net/java/games/input/ControllerEnvironment> (0x00000007ab5c5708) thrown at [/Users/java_re/workspace/8-2-build-macosx-x86_64/jdk8u65/4987/hotspot/src/share/vm/classfile/systemDictionary.cpp, line 199]

Events (10 events):
Event: 66.525 Thread 0x00007f9972008800 DEOPT UNPACKING pc=0x00000001167cf229 sp=0x0000700001e5d298 mode 2
Event: 66.525 Thread 0x00007f9972008800 Uncommon trap: trap_request=0xffffff65 fr.pc=0x0000000116bb3134
Event: 66.525 Thread 0x00007f9972008800 DEOPT PACKING pc=0x0000000116bb3134 sp=0x0000700001e5d470
Event: 66.525 Thread 0x00007f9972008800 DEOPT UNPACKING pc=0x00000001167cf229 sp=0x0000700001e5d418 mode 2
Event: 67.320 Thread 0x00007f9972008800 Uncommon trap: trap_request=0xffffff65 fr.pc=0x0000000116c1c9f4
Event: 67.320 Thread 0x00007f9972008800 DEOPT PACKING pc=0x0000000116c1c9f4 sp=0x0000700001e5d240
Event: 67.320 Thread 0x00007f9972008800 DEOPT UNPACKING pc=0x00000001167cf229 sp=0x0000700001e5d1e0 mode 2
Event: 68.410 Thread 0x00007f9972008800 Uncommon trap: trap_request=0xffffff65 fr.pc=0x0000000116bb1e20
Event: 68.410 Thread 0x00007f9972008800 DEOPT PACKING pc=0x0000000116bb1e20 sp=0x0000700001e5d750
Event: 68.410 Thread 0x00007f9972008800 DEOPT UNPACKING pc=0x00000001167cf229 sp=0x0000700001e5d710 mode 2


Dynamic libraries:
0x0000000051c7b000 	/System/Library/Frameworks/Cocoa.framework/Versions/A/Cocoa
0x0000000051c7b000 	/System/Library/Frameworks/Security.framework/Versions/A/Security
0x0000000051c7b000 	/System/Library/Frameworks/ApplicationServices.framework/Versions/A/ApplicationServices
0x0000000051c7b000 	/usr/lib/libz.1.dylib
0x0000000051c7b000 	/usr/lib/libSystem.B.dylib
0x0000000051c7b000 	/usr/lib/libobjc.A.dylib
0x0000000051c7b000 	/System/Library/Frameworks/CoreFoundation.framework/Versions/A/CoreFoundation
0x0000000051c7b000 	/System/Library/Frameworks/Foundation.framework/Versions/C/Foundation
0x0000000051c7b000 	/System/Library/Frameworks/AppKit.framework/Versions/C/AppKit
0x0000000051c7b000 	/System/Library/Frameworks/CoreData.framework/Versions/A/CoreData
0x0000000051c7b000 	/System/Library/PrivateFrameworks/RemoteViewServices.framework/Versions/A/RemoteViewServices
0x0000000051c7b000 	/System/Library/PrivateFrameworks/UIFoundation.framework/Versions/A/UIFoundation
0x0000000051c7b000 	/System/Library/PrivateFrameworks/DFRFoundation.framework/Versions/A/DFRFoundation
0x0000000051c7b000 	/usr/lib/libenergytrace.dylib
0x0000000051c7b000 	/System/Library/PrivateFrameworks/SkyLight.framework/Versions/A/SkyLight
0x0000000051c7b000 	/System/Library/Frameworks/CoreGraphics.framework/Versions/A/CoreGraphics
0x0000000051c7b000 	/usr/lib/libScreenReader.dylib
0x0000000051c7b000 	/System/Library/Frameworks/Accelerate.framework/Versions/A/Accelerate
0x0000000051c7b000 	/System/Library/Frameworks/IOSurface.framework/Versions/A/IOSurface
0x0000000051c7b000 	/System/Library/Frameworks/AudioToolbox.framework/Versions/A/AudioToolbox
0x0000000051c7b000 	/System/Library/Frameworks/AudioUnit.framework/Versions/A/AudioUnit
0x0000000051c7b000 	/System/Library/PrivateFrameworks/DataDetectorsCore.framework/Versions/A/DataDetectorsCore
0x0000000051c7b000 	/System/Library/PrivateFrameworks/DesktopServicesPriv.framework/Versions/A/DesktopServicesPriv
0x0000000051c7b000 	/System/Library/Frameworks/Carbon.framework/Versions/A/Frameworks/HIToolbox.framework/Versions/A/HIToolbox
0x0000000051c7b000 	/usr/lib/libicucore.A.dylib
0x0000000051c7b000 	/System/Library/Frameworks/QuartzCore.framework/Versions/A/QuartzCore
0x0000000051c7b000 	/System/Library/Frameworks/Carbon.framework/Versions/A/Frameworks/SpeechRecognition.framework/Versions/A/SpeechRecognition
0x0000000051c7b000 	/usr/lib/libauto.dylib
0x0000000051c7b000 	/usr/lib/libxml2.2.dylib
0x0000000051c7b000 	/System/Library/PrivateFrameworks/CoreUI.framework/Versions/A/CoreUI
0x0000000051c7b000 	/System/Library/Frameworks/CoreAudio.framework/Versions/A/CoreAudio
0x0000000051c7b000 	/System/Library/Frameworks/DiskArbitration.framework/Versions/A/DiskArbitration
0x0000000051c7b000 	/usr/lib/liblangid.dylib
0x0000000051c7b000 	/System/Library/PrivateFrameworks/MultitouchSupport.framework/Versions/A/MultitouchSupport
0x0000000051c7b000 	/System/Library/Frameworks/IOKit.framework/Versions/A/IOKit
0x0000000051c7b000 	/usr/lib/libDiagnosticMessagesClient.dylib
0x0000000051c7b000 	/System/Library/Frameworks/CoreServices.framework/Versions/A/CoreServices
0x0000000051c7b000 	/System/Library/PrivateFrameworks/PerformanceAnalysis.framework/Versions/A/PerformanceAnalysis
0x0000000051c7b000 	/System/Library/PrivateFrameworks/GenerationalStorage.framework/Versions/A/GenerationalStorage
0x0000000051c7b000 	/System/Library/Frameworks/OpenGL.framework/Versions/A/OpenGL
0x0000000051c7b000 	/System/Library/Frameworks/CoreImage.framework/Versions/A/CoreImage
0x0000000051c7b000 	/System/Library/Frameworks/CoreText.framework/Versions/A/CoreText
0x0000000051c7b000 	/System/Library/Frameworks/ImageIO.framework/Versions/A/ImageIO
0x0000000051c7b000 	/System/Library/PrivateFrameworks/Backup.framework/Versions/A/Backup
0x0000000051c7b000 	/usr/lib/libarchive.2.dylib
0x0000000051c7b000 	/System/Library/Frameworks/CFNetwork.framework/Versions/A/CFNetwork
0x0000000051c7b000 	/System/Library/Frameworks/SystemConfiguration.framework/Versions/A/SystemConfiguration
0x0000000051c7b000 	/usr/lib/libCRFSuite.dylib
0x0000000051c7b000 	/usr/lib/libc++.1.dylib
0x0000000051c7b000 	/usr/lib/libc++abi.dylib
0x0000000051c7b000 	/usr/lib/system/libcache.dylib
0x0000000051c7b000 	/usr/lib/system/libcommonCrypto.dylib
0x0000000051c7b000 	/usr/lib/system/libcompiler_rt.dylib
0x0000000051c7b000 	/usr/lib/system/libcopyfile.dylib
0x0000000051c7b000 	/usr/lib/system/libcorecrypto.dylib
0x0000000051c7b000 	/usr/lib/system/libdispatch.dylib
0x0000000051c7b000 	/usr/lib/system/libdyld.dylib
0x0000000051c7b000 	/usr/lib/system/libkeymgr.dylib
0x0000000051c7b000 	/usr/lib/system/liblaunch.dylib
0x0000000051c7b000 	/usr/lib/system/libmacho.dylib
0x0000000051c7b000 	/usr/lib/system/libquarantine.dylib
0x0000000051c7b000 	/usr/lib/system/libremovefile.dylib
0x0000000051c7b000 	/usr/lib/system/libsystem_asl.dylib
0x0000000051c7b000 	/usr/lib/system/libsystem_blocks.dylib
0x0000000051c7b000 	/usr/lib/system/libsystem_c.dylib
0x0000000051c7b000 	/usr/lib/system/libsystem_configuration.dylib
0x0000000051c7b000 	/usr/lib/system/libsystem_coreservices.dylib
0x0000000051c7b000 	/usr/lib/system/libsystem_coretls.dylib
0x0000000051c7b000 	/usr/lib/system/libsystem_dnssd.dylib
0x0000000051c7b000 	/usr/lib/system/libsystem_info.dylib
0x0000000051c7b000 	/usr/lib/system/libsystem_kernel.dylib
0x0000000051c7b000 	/usr/lib/system/libsystem_m.dylib
0x0000000051c7b000 	/usr/lib/system/libsystem_malloc.dylib
0x0000000051c7b000 	/usr/lib/system/libsystem_network.dylib
0x0000000051c7b000 	/usr/lib/system/libsystem_networkextension.dylib
0x0000000051c7b000 	/usr/lib/system/libsystem_notify.dylib
0x0000000051c7b000 	/usr/lib/system/libsystem_platform.dylib
0x0000000051c7b000 	/usr/lib/system/libsystem_pthread.dylib
0x0000000051c7b000 	/usr/lib/system/libsystem_sandbox.dylib
0x0000000051c7b000 	/usr/lib/system/libsystem_secinit.dylib
0x0000000051c7b000 	/usr/lib/system/libsystem_symptoms.dylib
0x0000000051c7b000 	/usr/lib/system/libsystem_trace.dylib
0x0000000051c7b000 	/usr/lib/system/libunwind.dylib
0x0000000051c7b000 	/usr/lib/system/libxpc.dylib
0x0000000051c7b000 	/usr/lib/libbsm.0.dylib
0x0000000051c7b000 	/usr/lib/system/libkxld.dylib
0x0000000051c7b000 	/usr/lib/libcoretls.dylib
0x0000000051c7b000 	/usr/lib/libcoretls_cfhelpers.dylib
0x0000000051c7b000 	/usr/lib/libxar.1.dylib
0x0000000051c7b000 	/usr/lib/libsqlite3.dylib
0x0000000051c7b000 	/usr/lib/libpam.2.dylib
0x0000000051c7b000 	/usr/lib/libOpenScriptingUtil.dylib
0x0000000051c7b000 	/usr/lib/libbz2.1.0.dylib
0x0000000051c7b000 	/usr/lib/liblzma.5.dylib
0x0000000051c7b000 	/usr/lib/libnetwork.dylib
0x0000000051c7b000 	/usr/lib/libpcap.A.dylib
0x0000000051c7b000 	/System/Library/Frameworks/CoreServices.framework/Versions/A/Frameworks/FSEvents.framework/Versions/A/FSEvents
0x0000000051c7b000 	/System/Library/Frameworks/CoreServices.framework/Versions/A/Frameworks/CarbonCore.framework/Versions/A/CarbonCore
0x0000000051c7b000 	/System/Library/Frameworks/CoreServices.framework/Versions/A/Frameworks/Metadata.framework/Versions/A/Metadata
0x0000000051c7b000 	/System/Library/Frameworks/CoreServices.framework/Versions/A/Frameworks/OSServices.framework/Versions/A/OSServices
0x0000000051c7b000 	/System/Library/Frameworks/CoreServices.framework/Versions/A/Frameworks/SearchKit.framework/Versions/A/SearchKit
0x0000000051c7b000 	/System/Library/Frameworks/CoreServices.framework/Versions/A/Frameworks/AE.framework/Versions/A/AE
0x0000000051c7b000 	/System/Library/Frameworks/CoreServices.framework/Versions/A/Frameworks/LaunchServices.framework/Versions/A/LaunchServices
0x0000000051c7b000 	/System/Library/Frameworks/CoreServices.framework/Versions/A/Frameworks/DictionaryServices.framework/Versions/A/DictionaryServices
0x0000000051c7b000 	/System/Library/Frameworks/CoreServices.framework/Versions/A/Frameworks/SharedFileList.framework/Versions/A/SharedFileList
0x0000000051c7b000 	/System/Library/Frameworks/NetFS.framework/Versions/A/NetFS
0x0000000051c7b000 	/System/Library/PrivateFrameworks/NetAuth.framework/Versions/A/NetAuth
0x0000000051c7b000 	/System/Library/PrivateFrameworks/login.framework/Versions/A/Frameworks/loginsupport.framework/Versions/A/loginsupport
0x0000000051c7b000 	/System/Library/PrivateFrameworks/TCC.framework/Versions/A/TCC
0x0000000051c7b000 	/usr/lib/libmecabra.dylib
0x0000000051c7b000 	/System/Library/Frameworks/ApplicationServices.framework/Versions/A/Frameworks/ATS.framework/Versions/A/ATS
0x0000000051c7b000 	/System/Library/Frameworks/ApplicationServices.framework/Versions/A/Frameworks/ColorSync.framework/Versions/A/ColorSync
0x0000000051c7b000 	/System/Library/Frameworks/ApplicationServices.framework/Versions/A/Frameworks/HIServices.framework/Versions/A/HIServices
0x0000000051c7b000 	/System/Library/Frameworks/ApplicationServices.framework/Versions/A/Frameworks/LangAnalysis.framework/Versions/A/LangAnalysis
0x0000000051c7b000 	/System/Library/Frameworks/ApplicationServices.framework/Versions/A/Frameworks/PrintCore.framework/Versions/A/PrintCore
0x0000000051c7b000 	/System/Library/Frameworks/ApplicationServices.framework/Versions/A/Frameworks/QD.framework/Versions/A/QD
0x0000000051c7b000 	/System/Library/Frameworks/ApplicationServices.framework/Versions/A/Frameworks/SpeechSynthesis.framework/Versions/A/SpeechSynthesis
0x0000000051c7b000 	/System/Library/Frameworks/Accelerate.framework/Versions/A/Frameworks/vImage.framework/Versions/A/vImage
0x0000000051c7b000 	/System/Library/Frameworks/Accelerate.framework/Versions/A/Frameworks/vecLib.framework/Versions/A/vecLib
0x0000000051c7b000 	/System/Library/Frameworks/Accelerate.framework/Versions/A/Frameworks/vecLib.framework/Versions/A/libvDSP.dylib
0x0000000051c7b000 	/System/Library/Frameworks/Accelerate.framework/Versions/A/Frameworks/vecLib.framework/Versions/A/libBNNS.dylib
0x0000000051c7b000 	/System/Library/Frameworks/Accelerate.framework/Versions/A/Frameworks/vecLib.framework/Versions/A/libQuadrature.dylib
0x0000000051c7b000 	/System/Library/Frameworks/Accelerate.framework/Versions/A/Frameworks/vecLib.framework/Versions/A/libvMisc.dylib
0x0000000051c7b000 	/System/Library/Frameworks/Accelerate.framework/Versions/A/Frameworks/vecLib.framework/Versions/A/libLAPACK.dylib
0x0000000051c7b000 	/System/Library/Frameworks/Accelerate.framework/Versions/A/Frameworks/vecLib.framework/Versions/A/libBLAS.dylib
0x0000000051c7b000 	/System/Library/Frameworks/Accelerate.framework/Versions/A/Frameworks/vecLib.framework/Versions/A/libLinearAlgebra.dylib
0x0000000051c7b000 	/System/Library/Frameworks/Accelerate.framework/Versions/A/Frameworks/vecLib.framework/Versions/A/libSparseBLAS.dylib
0x0000000051c7b000 	/System/Library/Frameworks/ApplicationServices.framework/Versions/A/Frameworks/ATS.framework/Versions/A/Resources/libFontParser.dylib
0x0000000051c7b000 	/System/Library/Frameworks/ApplicationServices.framework/Versions/A/Frameworks/ATS.framework/Versions/A/Resources/libFontRegistry.dylib
0x0000000051c7b000 	/System/Library/Frameworks/ImageIO.framework/Versions/A/Resources/libJPEG.dylib
0x0000000051c7b000 	/System/Library/Frameworks/ImageIO.framework/Versions/A/Resources/libTIFF.dylib
0x0000000051c7b000 	/System/Library/Frameworks/ImageIO.framework/Versions/A/Resources/libPng.dylib
0x0000000051c7b000 	/System/Library/Frameworks/ImageIO.framework/Versions/A/Resources/libGIF.dylib
0x0000000051c7b000 	/System/Library/Frameworks/ImageIO.framework/Versions/A/Resources/libJP2.dylib
0x0000000051c7b000 	/System/Library/Frameworks/ImageIO.framework/Versions/A/Resources/libRadiance.dylib
0x0000000051c7b000 	/usr/lib/libcompression.dylib
0x0000000051c7b000 	/System/Library/PrivateFrameworks/AppleJPEG.framework/Versions/A/AppleJPEG
0x0000000051c7b000 	/usr/lib/libcups.2.dylib
0x0000000051c7b000 	/System/Library/Frameworks/Kerberos.framework/Versions/A/Kerberos
0x0000000051c7b000 	/System/Library/Frameworks/GSS.framework/Versions/A/GSS
0x0000000051c7b000 	/usr/lib/libresolv.9.dylib
0x0000000051c7b000 	/usr/lib/libiconv.2.dylib
0x0000000051c7b000 	/System/Library/PrivateFrameworks/Heimdal.framework/Versions/A/Heimdal
0x0000000051c7b000 	/usr/lib/libheimdal-asn1.dylib
0x0000000051c7b000 	/System/Library/Frameworks/OpenDirectory.framework/Versions/A/OpenDirectory
0x0000000051c7b000 	/System/Library/PrivateFrameworks/CommonAuth.framework/Versions/A/CommonAuth
0x0000000051c7b000 	/System/Library/Frameworks/OpenDirectory.framework/Versions/A/Frameworks/CFOpenDirectory.framework/Versions/A/CFOpenDirectory
0x0000000051c7b000 	/System/Library/Frameworks/SecurityFoundation.framework/Versions/A/SecurityFoundation
0x0000000051c7b000 	/System/Library/PrivateFrameworks/LanguageModeling.framework/Versions/A/LanguageModeling
0x0000000051c7b000 	/usr/lib/libmarisa.dylib
0x0000000051c7b000 	/usr/lib/libChineseTokenizer.dylib
0x0000000051c7b000 	/usr/lib/libcmph.dylib
0x0000000051c7b000 	/System/Library/PrivateFrameworks/CoreEmoji.framework/Versions/A/CoreEmoji
0x0000000051c7b000 	/System/Library/Frameworks/ServiceManagement.framework/Versions/A/ServiceManagement
0x0000000051c7b000 	/usr/lib/libxslt.1.dylib
0x0000000051c7b000 	/System/Library/Frameworks/Carbon.framework/Versions/A/Frameworks/Ink.framework/Versions/A/Ink
0x0000000051c7b000 	/System/Library/PrivateFrameworks/TextureIO.framework/Versions/A/TextureIO
0x0000000051c7b000 	/System/Library/Frameworks/Metal.framework/Versions/A/Metal
0x0000000051c7b000 	/usr/lib/libate.dylib
0x0000000051c7b000 	/System/Library/PrivateFrameworks/GPUCompiler.framework/libmetal_timestamp.dylib
0x0000000051c7b000 	/System/Library/Frameworks/OpenGL.framework/Versions/A/Libraries/libCoreFSCache.dylib
0x0000000051c7b000 	/System/Library/PrivateFrameworks/IOAccelerator.framework/Versions/A/IOAccelerator
0x0000000051c7b000 	/System/Library/Frameworks/CoreVideo.framework/Versions/A/CoreVideo
0x0000000051c7b000 	/usr/lib/libFosl_dynamic.dylib
0x0000000051c7b000 	/System/Library/PrivateFrameworks/MetalPerformanceShaders.framework/Versions/A/MetalPerformanceShaders
0x0000000051c7b000 	/System/Library/PrivateFrameworks/FaceCore.framework/Versions/A/FaceCore
0x0000000051c7b000 	/System/Library/Frameworks/OpenCL.framework/Versions/A/OpenCL
0x0000000051c7b000 	/System/Library/Frameworks/OpenGL.framework/Versions/A/Libraries/libGLU.dylib
0x0000000051c7b000 	/System/Library/Frameworks/OpenGL.framework/Versions/A/Libraries/libGFXShared.dylib
0x0000000051c7b000 	/System/Library/Frameworks/OpenGL.framework/Versions/A/Libraries/libGL.dylib
0x0000000051c7b000 	/System/Library/Frameworks/OpenGL.framework/Versions/A/Libraries/libGLImage.dylib
0x0000000051c7b000 	/System/Library/Frameworks/OpenGL.framework/Versions/A/Libraries/libCVMSPluginSupport.dylib
0x0000000051c7b000 	/System/Library/Frameworks/OpenGL.framework/Versions/A/Libraries/libCoreVMClient.dylib
0x0000000051c7b000 	/System/Library/PrivateFrameworks/CrashReporterSupport.framework/Versions/A/CrashReporterSupport
0x0000000051c7b000 	/System/Library/PrivateFrameworks/Sharing.framework/Versions/A/Sharing
0x0000000051c7b000 	/System/Library/PrivateFrameworks/IconServices.framework/Versions/A/IconServices
0x0000000051c7b000 	/System/Library/PrivateFrameworks/ProtocolBuffer.framework/Versions/A/ProtocolBuffer
0x0000000051c7b000 	/System/Library/PrivateFrameworks/Apple80211.framework/Versions/A/Apple80211
0x0000000051c7b000 	/System/Library/Frameworks/CoreWLAN.framework/Versions/A/CoreWLAN
0x0000000051c7b000 	/System/Library/PrivateFrameworks/CoreUtils.framework/Versions/A/CoreUtils
0x0000000051c7b000 	/System/Library/Frameworks/IOBluetooth.framework/Versions/A/IOBluetooth
0x0000000051c7b000 	/System/Library/PrivateFrameworks/CoreWiFi.framework/Versions/A/CoreWiFi
0x0000000051c7b000 	/System/Library/Frameworks/CoreBluetooth.framework/Versions/A/CoreBluetooth
0x0000000051c7b000 	/System/Library/Frameworks/CoreDisplay.framework/Versions/A/CoreDisplay
0x0000000051c7b000 	/System/Library/PrivateFrameworks/IOPresentment.framework/Versions/A/IOPresentment
0x0000000051c7b000 	/System/Library/PrivateFrameworks/DebugSymbols.framework/Versions/A/DebugSymbols
0x0000000051c7b000 	/System/Library/PrivateFrameworks/CoreSymbolication.framework/Versions/A/CoreSymbolication
0x0000000051c7b000 	/System/Library/PrivateFrameworks/Symbolication.framework/Versions/A/Symbolication
0x0000000051c7b000 	/System/Library/PrivateFrameworks/AppleFSCompression.framework/Versions/A/AppleFSCompression
0x0000000051c7b000 	/System/Library/PrivateFrameworks/SpeechRecognitionCore.framework/Versions/A/SpeechRecognitionCore
0x0000000051c7b000 	/System/Library/PrivateFrameworks/ChunkingLibrary.framework/Versions/A/ChunkingLibrary
0x000000010f800000 	/Library/Java/JavaVirtualMachines/jdk1.8.0_65.jdk/Contents/Home/jre/lib/server/libjvm.dylib
0x0000000051c7b000 	/usr/lib/libstdc++.6.dylib
0x000000010eea3000 	/Library/Java/JavaVirtualMachines/jdk1.8.0_65.jdk/Contents/Home/jre/lib/libverify.dylib
0x000000010eeb1000 	/Library/Java/JavaVirtualMachines/jdk1.8.0_65.jdk/Contents/Home/jre/lib/libjava.dylib
0x000000010eef0000 	/Library/Java/JavaVirtualMachines/jdk1.8.0_65.jdk/Contents/Home/jre/lib/libzip.dylib
0x000000010efe2000 	/System/Library/Frameworks/JavaVM.framework/Frameworks/JavaRuntimeSupport.framework/JavaRuntimeSupport
0x0000000114a9a000 	/System/Library/Frameworks/JavaVM.framework/Versions/A/Frameworks/JavaNativeFoundation.framework/Versions/A/JavaNativeFoundation
0x0000000114aaf000 	/System/Library/Frameworks/JavaVM.framework/Versions/A/JavaVM
0x0000000051c7b000 	/System/Library/Frameworks/Carbon.framework/Versions/A/Carbon
0x0000000114abc000 	/System/Library/PrivateFrameworks/JavaLaunching.framework/Versions/A/JavaLaunching
0x0000000051c7b000 	/System/Library/Frameworks/Carbon.framework/Versions/A/Frameworks/CommonPanels.framework/Versions/A/CommonPanels
0x0000000051c7b000 	/System/Library/Frameworks/Carbon.framework/Versions/A/Frameworks/Help.framework/Versions/A/Help
0x0000000051c7b000 	/System/Library/Frameworks/Carbon.framework/Versions/A/Frameworks/ImageCapture.framework/Versions/A/ImageCapture
0x0000000051c7b000 	/System/Library/Frameworks/Carbon.framework/Versions/A/Frameworks/OpenScripting.framework/Versions/A/OpenScripting
0x0000000051c7b000 	/System/Library/Frameworks/Carbon.framework/Versions/A/Frameworks/Print.framework/Versions/A/Print
0x0000000051c7b000 	/System/Library/Frameworks/Carbon.framework/Versions/A/Frameworks/SecurityHI.framework/Versions/A/SecurityHI
0x00000001163ea000 	/Library/Java/JavaVirtualMachines/jdk1.8.0_65.jdk/Contents/Home/jre/lib/libawt.dylib
0x0000000116492000 	/Library/Java/JavaVirtualMachines/jdk1.8.0_65.jdk/Contents/Home/jre/lib/./libmlib_image.dylib
0x000000011655e000 	/Library/Java/JavaVirtualMachines/jdk1.8.0_65.jdk/Contents/Home/jre/lib/libawt_lwawt.dylib
0x0000000116613000 	/Library/Java/JavaVirtualMachines/jdk1.8.0_65.jdk/Contents/Home/jre/lib/./libosxapp.dylib
0x0000000051c7b000 	/System/Library/Frameworks/ExceptionHandling.framework/Versions/A/ExceptionHandling
0x0000000051c7b000 	/System/Library/PrivateFrameworks/CoreServicesInternal.framework/Versions/A/CoreServicesInternal
0x0000000051c7b000 	/System/Library/CoreServices/RawCamera.bundle/Contents/MacOS/RawCamera
0x0000000051c7b000 	/System/Library/Frameworks/Accelerate.framework/Versions/A/Frameworks/vImage.framework/Versions/A/Libraries/libCGInterfaces.dylib
0x0000000051c7b000 	/System/Library/Frameworks/ApplicationServices.framework/Versions/A/Frameworks/ATS.framework/Versions/A/Resources/libTrueTypeScaler.dylib
0x0000000051c7b000 	/System/Library/Frameworks/OpenGL.framework/Versions/A/Resources/GLEngine.bundle/GLEngine
0x0000000051c7b000 	/System/Library/Frameworks/OpenGL.framework/Versions/A/Libraries/libGLProgrammability.dylib
0x0000000127063000 	/System/Library/Extensions/AppleIntelHD4000GraphicsGLDriver.bundle/Contents/MacOS/AppleIntelHD4000GraphicsGLDriver
0x0000000051c7b000 	/System/Library/PrivateFrameworks/GPUSupport.framework/Versions/A/Libraries/libGPUSupportMercury.dylib
0x0000000051c7b000 	/System/Library/Frameworks/OpenGL.framework/Versions/A/Resources/GLRendererFloat.bundle/GLRendererFloat
0x0000000051c7b000 	/System/Library/Frameworks/OpenCL.framework/Versions/A/Libraries/libcldcpuengine.dylib
0x0000000051c7b000 	/usr/lib/libcrypto.0.9.8.dylib
0x0000000051c7b000 	/System/Library/PrivateFrameworks/TrustEvaluationAgent.framework/Versions/A/TrustEvaluationAgent
0x0000000127709000 	/System/Library/Extensions/AppleIntelHD4000GraphicsMTLDriver.bundle/Contents/MacOS/AppleIntelHD4000GraphicsMTLDriver
0x0000000051c7b000 	/System/Library/PrivateFrameworks/FamilyControls.framework/Versions/A/FamilyControls
0x0000000051c7b000 	/System/Library/PrivateFrameworks/CommerceKit.framework/Versions/A/Frameworks/CommerceCore.framework/Versions/A/CommerceCore
0x0000000051c7b000 	/System/Library/PrivateFrameworks/SystemAdministration.framework/Versions/A/SystemAdministration
0x0000000051c7b000 	/System/Library/PrivateFrameworks/AppContainer.framework/Versions/A/AppContainer
0x0000000051c7b000 	/System/Library/PrivateFrameworks/SecCodeWrapper.framework/Versions/A/SecCodeWrapper
0x0000000051c7b000 	/System/Library/Frameworks/DirectoryService.framework/Versions/A/DirectoryService
0x0000000051c7b000 	/System/Library/PrivateFrameworks/DiskImages.framework/Versions/A/DiskImages
0x0000000051c7b000 	/System/Library/PrivateFrameworks/LoginUIKit.framework/Versions/A/Frameworks/LoginUICore.framework/Versions/A/LoginUICore
0x0000000051c7b000 	/usr/lib/libCoreStorage.dylib
0x0000000051c7b000 	/usr/lib/libcsfde.dylib
0x0000000051c7b000 	/usr/lib/libodfde.dylib
0x0000000051c7b000 	/System/Library/Frameworks/DiscRecording.framework/Versions/A/DiscRecording
0x0000000051c7b000 	/usr/lib/libcurl.4.dylib
0x0000000051c7b000 	/System/Library/PrivateFrameworks/MediaKit.framework/Versions/A/MediaKit
0x0000000051c7b000 	/System/Library/PrivateFrameworks/ProtectedCloudStorage.framework/Versions/A/ProtectedCloudStorage
0x0000000051c7b000 	/System/Library/PrivateFrameworks/EFILogin.framework/Versions/A/EFILogin
0x0000000051c7b000 	/usr/lib/libutil.dylib
0x0000000051c7b000 	/System/Library/Frameworks/LDAP.framework/Versions/A/LDAP
0x0000000051c7b000 	/usr/lib/libsasl2.2.dylib
0x0000000051c7b000 	/System/Library/PrivateFrameworks/CoreDaemon.framework/Versions/B/CoreDaemon
0x0000000051c7b000 	/System/Library/PrivateFrameworks/AppleSRP.framework/Versions/A/AppleSRP
0x0000000051c7b000 	/System/Library/PrivateFrameworks/APFS.framework/Versions/A/APFS
0x00000001289fe000 	/Library/Java/JavaVirtualMachines/jdk1.8.0_65.jdk/Contents/Home/jre/lib/libfontmanager.dylib
0x0000000129612000 	/Library/Java/JavaVirtualMachines/jdk1.8.0_65.jdk/Contents/Home/jre/lib/libnet.dylib
0x000000012932c000 	/Library/Java/JavaVirtualMachines/jdk1.8.0_65.jdk/Contents/Home/jre/lib/libnio.dylib
0x0000000171f64000 	/Users/Lou/Documents/Computer Science/b2/natives/macosx/liblwjgl.dylib
0x0000000125ab2000 	/Library/Java/JavaVirtualMachines/jdk1.8.0_65.jdk/Contents/Home/jre/lib/libjawt.dylib
0x00000001742c1000 	/Library/Java/JavaVirtualMachines/jdk1.8.0_65.jdk/Contents/Home/jre/lib/libdcpr.dylib

VM Arguments:
jvm_args: -Dfile.encoding=UTF-8 
java_command: game.DevWars
java_class_path (initial): /Users/Lou/Documents/Computer Science/b2/bin:/Users/Lou/Documents/Computer Science/b2/lwjgl_util.jar:/Users/Lou/Documents/Computer Science/b2/lwjgl.jar:/Users/Lou/Documents/Computer Science/b2/slick.jar
Launcher Type: SUN_STANDARD

Environment Variables:
PATH=/usr/bin:/bin:/usr/sbin:/sbin
SHELL=/bin/bash

Signal Handlers:
SIGSEGV: [libjvm.dylib+0x5a6d31], sa_mask[0]=11111111011111110111111111111111, sa_flags=SA_ONSTACK|SA_RESTART|SA_SIGINFO
SIGBUS: [libjvm.dylib+0x5a6d31], sa_mask[0]=11111111011111110111111111111111, sa_flags=SA_RESTART|SA_SIGINFO
SIGFPE: [libjvm.dylib+0x480a40], sa_mask[0]=11111111011111110111111111111111, sa_flags=SA_RESTART|SA_SIGINFO
SIGPIPE: [libjvm.dylib+0x480a40], sa_mask[0]=11111111011111110111111111111111, sa_flags=SA_RESTART|SA_SIGINFO
SIGXFSZ: [libjvm.dylib+0x480a40], sa_mask[0]=11111111011111110111111111111111, sa_flags=SA_RESTART|SA_SIGINFO
SIGILL: [libjvm.dylib+0x480a40], sa_mask[0]=11111111011111110111111111111111, sa_flags=SA_RESTART|SA_SIGINFO
SIGUSR1: SIG_DFL, sa_mask[0]=00000000000000000000000000000000, sa_flags=none
SIGUSR2: [libjvm.dylib+0x48055e], sa_mask[0]=00100000000000000000000000000000, sa_flags=SA_RESTART|SA_SIGINFO
SIGHUP: [libjvm.dylib+0x47eb35], sa_mask[0]=11111111011111110111111111111111, sa_flags=SA_RESTART|SA_SIGINFO
SIGINT: [libjvm.dylib+0x47eb35], sa_mask[0]=11111111011111110111111111111111, sa_flags=SA_RESTART|SA_SIGINFO
SIGTERM: [libjvm.dylib+0x47eb35], sa_mask[0]=11111111011111110111111111111111, sa_flags=SA_RESTART|SA_SIGINFO
SIGQUIT: [libjvm.dylib+0x47eb35], sa_mask[0]=11111111011111110111111111111111, sa_flags=SA_RESTART|SA_SIGINFO


---------------  S Y S T E M  ---------------

OS:Bsduname:Darwin 16.3.0 Darwin Kernel Version 16.3.0: Thu Nov 17 20:23:58 PST 2016; root:xnu-3789.31.2~1/RELEASE_X86_64 x86_64
rlimit: STACK 8192k, CORE 0k, NPROC 709, NOFILE 10240, AS infinity
load average:8.25 4.56 5.91

CPU:total 4 (2 cores per cpu, 2 threads per core) family 6 model 58 stepping 9, cmov, cx8, fxsr, mmx, sse, sse2, sse3, ssse3, sse4.1, sse4.2, popcnt, avx, aes, clmul, erms, ht, tsc, tscinvbit, tscinv

Memory: 4k page, physical 4194304k(349080k free)

/proc/meminfo:


vm_info: Java HotSpot(TM) 64-Bit Server VM (25.65-b01) for bsd-amd64 JRE (1.8.0_65-b17), built on Oct  6 2015 15:36:46 by "java_re" with gcc 4.2.1 (Based on Apple Inc. build 5658) (LLVM build 2336.11.00)

time: Fri Mar 10 12:21:52 2017
elapsed time: 69 seconds (0d 0h 1m 9s)

